<?xml version="1.0" encoding="UTF-8"?>
<!-- Generated by org.testng.reporters.JUnitReportReporter -->
<testsuite skipped="0" hostname="sys" name="com.qa.Hubspot.testcases.LoginPageTest" tests="3" failures="0" timestamp="2019-12-06T18:41:15 EST" time="54.194" errors="0">
  <testcase name="verifyLoginPageTitleTest" time="16.817" classname="com.qa.Hubspot.testcases.LoginPageTest"/>
  <testcase name="verifySighUpLink" time="18.080" classname="com.qa.Hubspot.testcases.LoginPageTest"/>
  <testcase name="verifyLoginPage" time="19.297" classname="com.qa.Hubspot.testcases.LoginPageTest"/>
</testsuite> <!-- com.qa.Hubspot.testcases.LoginPageTest -->
