<?xml version="1.0" encoding="UTF-8"?>
<!-- Generated by org.testng.reporters.JUnitReportReporter -->
<testsuite skipped="0" hostname="sys" name="com.qa.Hubspot.testcases.ContactsPageTest" tests="5" failures="0" timestamp="2019-12-04T16:55:11 EST" time="132.722" errors="0">
  <testcase name="createNewContactTest" time="26.100" classname="com.qa.Hubspot.testcases.ContactsPageTest"/>
  <testcase name="verifyContactsPageTitleTest" time="21.114" classname="com.qa.Hubspot.testcases.ContactsPageTest"/>
  <testcase name="createNewContactTest" time="31.453" classname="com.qa.Hubspot.testcases.ContactsPageTest"/>
  <testcase name="createNewContactTest" time="27.929" classname="com.qa.Hubspot.testcases.ContactsPageTest"/>
  <testcase name="createNewContactTest" time="26.126" classname="com.qa.Hubspot.testcases.ContactsPageTest"/>
</testsuite> <!-- com.qa.Hubspot.testcases.ContactsPageTest -->
