<?xml version="1.0" encoding="UTF-8"?>
<!-- Generated by org.testng.reporters.JUnitReportReporter -->
<testsuite skipped="0" hostname="sys" name="com.qa.Hubspot.testcases.HomePageTest" tests="4" failures="0" timestamp="2019-12-05T12:53:41 EST" time="78.051" errors="0">
  <testcase name="HeaderTextExixtsTest" time="19.670" classname="com.qa.Hubspot.testcases.HomePageTest"/>
  <testcase name="verifyLoggedInUserTest" time="19.438" classname="com.qa.Hubspot.testcases.HomePageTest"/>
  <testcase name="verifyHomePageLogo" time="19.251" classname="com.qa.Hubspot.testcases.HomePageTest"/>
  <testcase name="verifyHomePageTitle" time="19.692" classname="com.qa.Hubspot.testcases.HomePageTest"/>
</testsuite> <!-- com.qa.Hubspot.testcases.HomePageTest -->
